0 info it worked if it ends with ok
1 verbose cli [ 'node', '/usr/local/bin/npm', 'install', 'uuid', '--save' ]
2 info using npm@1.4.28
3 info using node@v0.10.32
4 verbose readDependencies using package.json deps
5 verbose cache add [ 'uuid', null ]
6 verbose cache add name=undefined spec="uuid" args=["uuid",null]
7 verbose parsed url { protocol: null,
7 verbose parsed url   slashes: null,
7 verbose parsed url   auth: null,
7 verbose parsed url   host: null,
7 verbose parsed url   port: null,
7 verbose parsed url   hostname: null,
7 verbose parsed url   hash: null,
7 verbose parsed url   search: null,
7 verbose parsed url   query: null,
7 verbose parsed url   pathname: 'uuid',
7 verbose parsed url   path: 'uuid',
7 verbose parsed url   href: 'uuid' }
8 silly lockFile 48e3462c-uuid uuid
9 verbose lock uuid /Users/edwizzle/.npm/48e3462c-uuid.lock
10 silly lockFile 48e3462c-uuid uuid
11 silly lockFile 48e3462c-uuid uuid
12 verbose addNamed [ 'uuid', '' ]
13 verbose addNamed [ null, '*' ]
14 silly lockFile eae42566-uuid uuid@
15 verbose lock uuid@ /Users/edwizzle/.npm/eae42566-uuid.lock
16 silly addNameRange { name: 'uuid', range: '*', hasData: false }
17 verbose request where is /uuid
18 verbose request registry https://registry.npmjs.org/
19 verbose request id 56e620b2e2c25a3e
20 verbose url raw /uuid
21 verbose url resolving [ 'https://registry.npmjs.org/', './uuid' ]
22 verbose url resolved https://registry.npmjs.org/uuid
23 verbose request where is https://registry.npmjs.org/uuid
24 info trying registry request attempt 1 at 11:49:34
25 verbose etag "9EGPV0C1NRX03IK6X4YQ0JBFM"
26 http GET https://registry.npmjs.org/uuid
27 http 200 https://registry.npmjs.org/uuid
28 silly registry.get cb [ 200,
28 silly registry.get   { date: 'Wed, 19 Nov 2014 19:49:39 GMT',
28 silly registry.get     server: 'CouchDB/1.5.0 (Erlang OTP/R16B03)',
28 silly registry.get     etag: '"4VH7ETRP3WAUDWOJO3Q0QI90T"',
28 silly registry.get     'content-type': 'application/json',
28 silly registry.get     'cache-control': 'max-age=60',
28 silly registry.get     'content-length': '16371',
28 silly registry.get     'accept-ranges': 'bytes',
28 silly registry.get     via: '1.1 varnish',
28 silly registry.get     age: '6',
28 silly registry.get     'x-served-by': 'cache-sjc3123-SJC',
28 silly registry.get     'x-cache': 'HIT',
28 silly registry.get     'x-cache-hits': '1',
28 silly registry.get     'x-timer': 'S1416426579.638950,VS0,VE0',
28 silly registry.get     vary: 'Accept',
28 silly registry.get     'keep-alive': 'timeout=10, max=50',
28 silly registry.get     connection: 'Keep-Alive' } ]
29 silly addNameRange number 2 { name: 'uuid', range: '*', hasData: true }
30 silly addNameRange versions [ 'uuid',
30 silly addNameRange   [ '0.0.1', '0.0.2', '1.4.0', '1.4.1', '1.4.2', '2.0.0', '2.0.1' ] ]
31 verbose addNamed [ 'uuid', '2.0.1' ]
32 verbose addNamed [ '2.0.1', '2.0.1' ]
33 silly lockFile 07c25d2d-uuid-2-0-1 uuid@2.0.1
34 verbose lock uuid@2.0.1 /Users/edwizzle/.npm/07c25d2d-uuid-2-0-1.lock
35 silly lockFile fe62815f-ry-npmjs-org-uuid-uuid-2-0-1-tgz https://registry.npmjs.org/uuid/-/uuid-2.0.1.tgz
36 verbose lock https://registry.npmjs.org/uuid/-/uuid-2.0.1.tgz /Users/edwizzle/.npm/fe62815f-ry-npmjs-org-uuid-uuid-2-0-1-tgz.lock
37 verbose addRemoteTarball [ 'https://registry.npmjs.org/uuid/-/uuid-2.0.1.tgz',
37 verbose addRemoteTarball   'c2a30dedb3e535d72ccf82e343941a50ba8533ac' ]
38 info retry fetch attempt 1 at 11:49:39
39 verbose fetch to= /var/folders/r9/nbmq_f2d3fj463w4dq7hmvpr0000gn/T/npm-11711-8QpMzRKD/registry.npmjs.org/uuid/-/uuid-2.0.1.tgz
40 http GET https://registry.npmjs.org/uuid/-/uuid-2.0.1.tgz
41 http 200 https://registry.npmjs.org/uuid/-/uuid-2.0.1.tgz
42 silly lockFile fe62815f-ry-npmjs-org-uuid-uuid-2-0-1-tgz https://registry.npmjs.org/uuid/-/uuid-2.0.1.tgz
43 silly lockFile fe62815f-ry-npmjs-org-uuid-uuid-2-0-1-tgz https://registry.npmjs.org/uuid/-/uuid-2.0.1.tgz
44 silly lockFile 07c25d2d-uuid-2-0-1 uuid@2.0.1
45 silly lockFile 07c25d2d-uuid-2-0-1 uuid@2.0.1
46 silly lockFile eae42566-uuid uuid@
47 silly lockFile eae42566-uuid uuid@
48 error Error: EACCES, mkdir '/Users/edwizzle/.npm/uuid/2.0.1'
48 error  { [Error: EACCES, mkdir '/Users/edwizzle/.npm/uuid/2.0.1']
48 error   errno: 3,
48 error   code: 'EACCES',
48 error   path: '/Users/edwizzle/.npm/uuid/2.0.1',
48 error   parent: 'Cookies' }
49 error Please try running this command again as root/Administrator.
50 error System Darwin 13.3.0
51 error command "node" "/usr/local/bin/npm" "install" "uuid" "--save"
52 error cwd /Users/edwizzle/Developer/Cookies
53 error node -v v0.10.32
54 error npm -v 1.4.28
55 error path /Users/edwizzle/.npm/uuid/2.0.1
56 error code EACCES
57 error errno 3
58 error stack Error: EACCES, mkdir '/Users/edwizzle/.npm/uuid/2.0.1'
59 verbose exit [ 3, true ]
